
ROM used: 758 (9%)
          758 (9%) including unused fragments

          1 Average locations per line
          4 Average locations per statement

RAM used: 20 (5%) at main() level
          30 (8%) worst case

Stack used: 4 worst case (out of 8 total available)

Lines Stmts  %   Files
----- ----- ---  -----
  147    80  44  ejemplo 16.5.c
  399     0   0  ..\..\..\..\..\Archivos de programa\PICC\devices\16f886.h
  146    40  22  ..\..\..\..\..\Archivos de programa\PICC\drivers\KBD.C
  180    63  34  ..\..\..\..\..\Archivos de programa\PICC\drivers\LCD.C
----- -----
  872   183 Total

Page ROM  %  RAM   Vol Diff  Functions:
---- --- --- ---   --- ----  ----------
0     21   3   1             @delay_ms1
0     16   2   0             @const48
0      3   0   0     3  0.0  kbd_init
0    137  18   3  4548 10.2  kbd_getc
 Inline        2   463  4.3  @MUL88
0      8   1   0   134  2.2  @const69
 Inline        3   463  4.3  lcd_read_byte
0     12   2   1   134  2.2  lcd_send_nibble
0     58   8   3   317  4.3  lcd_send_byte
0     44   6   2   422  4.7  lcd_init
0     18   2   4   186  5.5  lcd_gotoxy
0     37   5   1   272  4.1  lcd_putc
0     72   9   0   674  3.8  TECLADO
0    238  31   1  1734  5.3  MAIN
0     21   3   0    32  1.0  @const110
0     21   3   0    84  2.4  @const111
0      6   1   0   134  2.8  @const112
0     21   3   0   927  6.2  @const114
0     21   3   0             @const116

Program metrics:
    Functions               16
    Statements              183
    Comments                209
    Volume (V)              15597
    Difficilty (D)          65.6
    Effort to implement (E) 1022660
    Time to implement (T)   15 hours, 47 minutes
    Est Delivered Bugs (B)  3
    Cyclomatic Complexity   38
    Maintainability (MI)    64

 Segment     Used  Free
-----------  ----  ----
00000-00003     4  0  
00004-007FF   754  1290  
00800-00FFF     0  2048  
01000-017FF     0  2048  
01800-01FFF     0  2048  



